query : SELECT * FROM ARTICLE WHERE USER_ID=1 order by ARTICLE_CREATEDATE DESC
USER ID loggedin : 1
query : SELECT * FROM ARTICLE WHERE USER_ID=1 order by ARTICLE_DATECREATION DESC
USER ID loggedin : 1
query : SELECT * FROM ARTICLE WHERE USER_ID=1 order by ARTICLE_DATECREATION DESC
USER ID loggedin : 1
query : SELECT * FROM ARTICLE WHERE USER_ID=1 order by ARTICLE_DATECREATION DESC
USER ID loggedin : 1
INSERT INTO ARTICLE(ARTICLE_CODE, ARTICLE_TITLE, ARTICLE_SUMMARY, ARTICLE_CONTENT, ARTICLE_DATECREATION, ARTICLE_URL, ARTICLE_NBCLICK, ARTICLE_NBSHARE, USER_ID, ARTICLE_STATUS_ID) VALUES('101010', 'Title 200', 'Summary 200', 'Content 200', '2020-06-09 08:09:51', 'test.com', 0, 0, 1, 1)
query : SELECT * FROM ARTICLE WHERE USER_ID=1 order by ARTICLE_DATECREATION DESC
USER ID loggedin : 1
query : SELECT * FROM ARTICLE WHERE USER_ID=1 ORDER BY ARTICLE_DATECREATION DESC
USER ID loggedin : 1
query : SELECT * FROM ARTICLE WHERE USER_ID=1 ORDER BY ARTICLE_DATECREATION DESC
USER ID loggedin : 1
query : SELECT * FROM ARTICLE WHERE USER_ID=1 ORDER BY ARTICLE_DATECREATION DESC
USER ID loggedin : 1
query : SELECT * FROM ARTICLE WHERE USER_ID=1 ORDER BY ARTICLE_DATECREATION DESC
USER ID loggedin : 1
query : SELECT * FROM ARTICLE WHERE USER_ID=1 ORDER BY ARTICLE_DATECREATION DESC
USER ID loggedin : 1
query : SELECT * FROM ARTICLE WHERE USER_ID=1 ORDER BY ARTICLE_DATECREATION DESC
USER ID loggedin : 1
query : SELECT * FROM ARTICLE WHERE USER_ID=1 ORDER BY ARTICLE_DATECREATION DESC
USER ID loggedin : 1
query : SELECT * FROM ARTICLE WHERE USER_ID=1 ORDER BY ARTICLE_DATECREATION DESC
USER ID loggedin : 1
query : SELECT * FROM ARTICLE WHERE USER_ID=1 ORDER BY ARTICLE_DATECREATION DESC
USER ID loggedin : 1
query : SELECT * FROM ARTICLE WHERE USER_ID=1 ORDER BY ARTICLE_DATECREATION DESC
USER ID loggedin : 1
query : SELECT * FROM ARTICLE WHERE USER_ID=1 ORDER BY ARTICLE_DATECREATION DESC
USER ID loggedin : 1
query : SELECT * FROM ARTICLE WHERE USER_ID=1 ORDER BY ARTICLE_DATECREATION DESC
USER ID loggedin : 1
query : SELECT * FROM ARTICLE WHERE USER_ID=1 ORDER BY ARTICLE_DATECREATION DESC
USER ID loggedin : 1
query : SELECT * FROM ARTICLE WHERE USER_ID=1 ORDER BY ARTICLE_DATECREATION DESC
USER ID loggedin : 1
query : SELECT * FROM ARTICLE WHERE USER_ID=1 ORDER BY ARTICLE_DATECREATION DESC
USER ID loggedin : 1
query : SELECT * FROM ARTICLE WHERE USER_ID=1 ORDER BY ARTICLE_DATECREATION DESC
USER ID loggedin : 1
query : SELECT * FROM ARTICLE WHERE USER_ID=1 ORDER BY ARTICLE_DATECREATION DESC
USER ID loggedin : 1
query : SELECT * FROM ARTICLE WHERE USER_ID=1 ORDER BY ARTICLE_DATECREATION DESC
USER ID loggedin : 1
query : SELECT * FROM ARTICLE WHERE USER_ID=1 ORDER BY ARTICLE_DATECREATION DESC
USER ID loggedin : 1
0
1
2
3
4
5
6
7
8
9
10
11
12
13
14
15
16
query : SELECT * FROM ARTICLE WHERE USER_ID=1 ORDER BY ARTICLE_DATECREATION DESC
USER ID loggedin : 1
0
1
2
3
4
5
6
7
8
9
10
11
12
13
14
15
INSERT INTO ARTICLE(ARTICLE_CODE, ARTICLE_TITLE, ARTICLE_SUMMARY, ARTICLE_CONTENT, ARTICLE_DATECREATION, ARTICLE_URL, ARTICLE_NBCLICK, ARTICLE_NBSHARE, USER_ID, ARTICLE_STATUS_ID) VALUES('My created title', 'This is my might title', 'Frank', 'Jolan jolan jolan est jolan', '2020-06-09 18:15:45', 'this is the test', 0, 0, 1, 1)
query : SELECT * FROM ARTICLE WHERE USER_ID=1 ORDER BY ARTICLE_DATECREATION DESC
USER ID loggedin : 1
0
1
2
3
4
5
6
7
8
9
10
11
12
13
14
15
16
INSERT INTO ARTICLE(ARTICLE_CODE, ARTICLE_TITLE, ARTICLE_SUMMARY, ARTICLE_CONTENT, ARTICLE_DATECREATION, ARTICLE_URL, ARTICLE_NBCLICK, ARTICLE_NBSHARE, USER_ID, ARTICLE_STATUS_ID) VALUES('9875', 'Frank Imstef, jeune adolescent, retrouvé mort dans le canal de Sion :(', 'Il est mor, RIP', 'Frank est mort \r\nTout le monde est triste\r\nOh non', '2020-06-09 18:18:44', 'frankimstepf.com/monarticle', 0, 0, 1, 1)
query : SELECT * FROM ARTICLE WHERE USER_ID=1 ORDER BY ARTICLE_DATECREATION DESC
USER ID loggedin : 1
0
1
2
3
4
5
6
7
8
9
10
11
12
13
14
15
16
17
query : SELECT * FROM ARTICLE WHERE USER_ID= ORDER BY ARTICLE_DATECREATION DESC
USER ID loggedin : 
query : SELECT * FROM ARTICLE WHERE USER_ID=1 ORDER BY ARTICLE_DATECREATION DESC
USER ID loggedin : 1
0
1
2
3
4
5
6
7
8
9
10
11
12
13
14
15
16
17
query : SELECT * FROM ARTICLE WHERE USER_ID=1 ORDER BY ARTICLE_DATECREATION DESC
USER ID loggedin : 1
0
1
2
3
4
5
6
7
8
9
10
11
12
13
14
15
16
17
query : SELECT * FROM ARTICLE WHERE USER_ID=1 ORDER BY ARTICLE_DATECREATION DESC
USER ID loggedin : 1
0
1
2
3
4
5
6
7
8
9
10
11
12
13
14
15
16
17
query : SELECT * FROM ARTICLE WHERE USER_ID=1 ORDER BY ARTICLE_DATECREATION DESC
USER ID loggedin : 1
0
1
2
3
4
5
6
7
8
9
10
11
12
13
14
15
16
17
query : SELECT * FROM ARTICLE WHERE USER_ID=1 ORDER BY ARTICLE_DATECREATION DESC
USER ID loggedin : 1
0
1
2
3
4
5
6
7
8
9
10
11
12
13
14
15
16
17
query : SELECT * FROM ARTICLE WHERE USER_ID=1 ORDER BY ARTICLE_DATECREATION DESC
USER ID loggedin : 1
0
query : SELECT * FROM ARTICLE WHERE USER_ID=1 ORDER BY ARTICLE_DATECREATION DESC
USER ID loggedin : 1
0
1
2
3
4
5
6
7
8
9
10
11
12
13
14
15
16
17
query : SELECT * FROM ARTICLE WHERE USER_ID=1 ORDER BY ARTICLE_DATECREATION DESC
USER ID loggedin : 1
0
1
2
3
4
5
6
7
8
9
10
11
12
13
14
15
16
17
query : SELECT * FROM ARTICLE WHERE USER_ID=1 ORDER BY ARTICLE_DATECREATION DESC
USER ID loggedin : 1
0
1
2
3
4
5
6
7
8
9
10
11
12
13
14
15
16
17
query : SELECT * FROM ARTICLE WHERE USER_ID=1 ORDER BY ARTICLE_DATECREATION DESC
USER ID loggedin : 1
0
1
2
3
4
5
6
7
8
9
10
11
12
13
14
15
16
17
query : SELECT * FROM ARTICLE WHERE USER_ID=1 ORDER BY ARTICLE_DATECREATION DESC
USER ID loggedin : 1
0
1
2
3
4
5
6
7
8
9
10
11
12
13
14
15
16
17
query : SELECT * FROM ARTICLE WHERE USER_ID=1 ORDER BY ARTICLE_DATECREATION DESC
USER ID loggedin : 1
0
1
2
3
4
5
6
7
8
9
10
11
12
13
14
15
16
17
query : SELECT * FROM ARTICLE WHERE USER_ID=1 ORDER BY ARTICLE_DATECREATION DESC
USER ID loggedin : 1
0
1
2
3
4
5
6
7
8
9
10
11
12
13
14
15
16
17
query : SELECT * FROM ARTICLE WHERE USER_ID=1 ORDER BY ARTICLE_DATECREATION DESC
USER ID loggedin : 1
0
1
2
3
4
5
6
7
8
9
10
11
12
13
14
15
16
17
query : SELECT * FROM ARTICLE WHERE USER_ID=1 ORDER BY ARTICLE_DATECREATION DESC
USER ID loggedin : 1
0
1
2
3
4
5
6
7
8
9
10
11
12
13
14
15
16
17
query : SELECT * FROM ARTICLE WHERE USER_ID=1 ORDER BY ARTICLE_DATECREATION DESC
USER ID loggedin : 1
0
1
2
3
4
5
6
7
8
9
10
11
12
13
14
15
16
17
query : SELECT * FROM ARTICLE WHERE USER_ID=1 ORDER BY ARTICLE_DATECREATION DESC
USER ID loggedin : 1
0
1
2
3
4
5
6
7
8
9
10
11
12
13
14
15
16
17
query : SELECT * FROM ARTICLE WHERE USER_ID=1 ORDER BY ARTICLE_DATECREATION DESC
USER ID loggedin : 1
0
1
2
3
4
5
6
7
8
9
10
11
12
13
14
15
16
17
query : SELECT * FROM ARTICLE WHERE USER_ID=1 ORDER BY ARTICLE_DATECREATION DESC
USER ID loggedin : 1
0
1
2
3
4
5
6
7
8
9
10
11
12
13
14
15
16
17
query : SELECT * FROM ARTICLE WHERE USER_ID=1 ORDER BY ARTICLE_DATECREATION DESC
USER ID loggedin : 1
0
1
2
3
4
5
6
7
8
9
10
11
12
13
14
15
16
17
query : SELECT * FROM ARTICLE WHERE USER_ID=1 ORDER BY ARTICLE_DATECREATION DESC
USER ID loggedin : 1
0
1
2
3
4
5
6
7
8
9
10
11
12
13
14
15
16
17
query : SELECT * FROM ARTICLE WHERE USER_ID=1 ORDER BY ARTICLE_DATECREATION DESC
USER ID loggedin : 1
0
1
2
3
4
5
6
7
8
9
10
11
12
13
14
15
16
17
query : SELECT * FROM ARTICLE WHERE USER_ID=1 ORDER BY ARTICLE_DATECREATION DESC
USER ID loggedin : 1
0
1
2
3
4
5
6
7
8
9
10
11
12
13
14
15
16
17
query : SELECT * FROM ARTICLE WHERE USER_ID=1 ORDER BY ARTICLE_DATECREATION DESC
USER ID loggedin : 1
0
1
2
3
4
5
6
7
8
9
10
11
12
13
14
15
16
17
query : SELECT * FROM ARTICLE WHERE USER_ID=1 ORDER BY ARTICLE_DATECREATION DESC
USER ID loggedin : 1
0
1
2
3
4
5
6
7
8
9
10
11
12
13
14
15
16
17
query : SELECT * FROM ARTICLE WHERE USER_ID=1 ORDER BY ARTICLE_DATECREATION DESC
USER ID loggedin : 1
0
1
2
3
4
5
6
7
8
9
10
11
12
13
14
15
16
17
INSERT INTO ARTICLE(ARTICLE_CODE, ARTICLE_TITLE, ARTICLE_SUMMARY, ARTICLE_CONTENT, ARTICLE_DATECREATION, ARTICLE_URL, ARTICLE_NBCLICK, ARTICLE_NBSHARE, USER_ID, ARTICLE_STATUS_ID) VALUES('this is a new article', 'TITLE 100000', 'SUMMARY 1000000', 'CONTENT 1000000000', '2020-06-09 22:49:34', 'URL 10000', 0, 0, 1, 1)
query : SELECT * FROM ARTICLE WHERE USER_ID=1 ORDER BY ARTICLE_DATECREATION DESC
USER ID loggedin : 1
0
1
2
3
4
5
6
7
8
9
10
11
12
13
14
15
16
17
18
query : SELECT * FROM ARTICLE WHERE USER_ID=1 ORDER BY ARTICLE_DATECREATION DESC
USER ID loggedin : 1
0
1
2
3
4
5
6
7
8
9
10
11
12
13
14
15
16
17
18
query : SELECT * FROM ARTICLE WHERE USER_ID=1 ORDER BY ARTICLE_DATECREATION DESC
USER ID loggedin : 1
query : SELECT * FROM ARTICLE WHERE USER_ID=1 ORDER BY ARTICLE_DATECREATION DESC
USER ID loggedin : 1
query : SELECT * FROM ARTICLE WHERE USER_ID=1 ORDER BY ARTICLE_DATECREATION DESC
USER ID loggedin : 1
query : SELECT * FROM ARTICLE WHERE USER_ID=1 ORDER BY ARTICLE_DATECREATION DESC
USER ID loggedin : 1
query : SELECT * FROM ARTICLE WHERE USER_ID=1 ORDER BY ARTICLE_DATECREATION DESC
USER ID loggedin : 1
query : SELECT * FROM ARTICLE WHERE USER_ID=1 ORDER BY ARTICLE_DATECREATION DESC
USER ID loggedin : 1
query : SELECT * FROM ARTICLE WHERE USER_ID=1 ORDER BY ARTICLE_DATECREATION DESC
USER ID loggedin : 1
query : SELECT * FROM ARTICLE WHERE USER_ID=1 ORDER BY ARTICLE_DATECREATION DESC
USER ID loggedin : 1
query : SELECT * FROM ARTICLE WHERE USER_ID=1 ORDER BY ARTICLE_DATECREATION DESC
USER ID loggedin : 1
query : SELECT * FROM ARTICLE WHERE USER_ID=1 ORDER BY ARTICLE_DATECREATION DESC
USER ID loggedin : 1
query : SELECT * FROM ARTICLE WHERE USER_ID=1 ORDER BY ARTICLE_DATECREATION DESC
USER ID loggedin : 1
query : SELECT * FROM ARTICLE WHERE USER_ID=1 ORDER BY ARTICLE_DATECREATION DESC
USER ID loggedin : 1
query : SELECT * FROM ARTICLE WHERE USER_ID=1 ORDER BY ARTICLE_DATECREATION DESC
USER ID loggedin : 1
query : SELECT * FROM ARTICLE WHERE USER_ID=1 ORDER BY ARTICLE_DATECREATION DESC
USER ID loggedin : 1
query : SELECT * FROM ARTICLE WHERE USER_ID=1 ORDER BY ARTICLE_DATECREATION DESC
USER ID loggedin : 1
query : SELECT * FROM ARTICLE WHERE USER_ID=1 ORDER BY ARTICLE_DATECREATION DESC
USER ID loggedin : 1
query : SELECT * FROM ARTICLE WHERE USER_ID=1 ORDER BY ARTICLE_DATECREATION DESC
USER ID loggedin : 1
query : SELECT * FROM ARTICLE WHERE USER_ID=1 ORDER BY ARTICLE_DATECREATION DESC
USER ID loggedin : 1
query : SELECT * FROM ARTICLE WHERE USER_ID=1 ORDER BY ARTICLE_DATECREATION DESC
USER ID loggedin : 1
query : SELECT * FROM ARTICLE WHERE USER_ID=1 ORDER BY ARTICLE_DATECREATION DESC
USER ID loggedin : 1
query : SELECT * FROM ARTICLE WHERE USER_ID=1 ORDER BY ARTICLE_DATECREATION DESC
USER ID loggedin : 1
query : SELECT * FROM ARTICLE WHERE USER_ID=1 ORDER BY ARTICLE_DATECREATION DESC
USER ID loggedin : 1
query : SELECT * FROM ARTICLE WHERE USER_ID=1 ORDER BY ARTICLE_DATECREATION DESC
USER ID loggedin : 1
query : SELECT * FROM ARTICLE WHERE USER_ID=1 ORDER BY ARTICLE_DATECREATION DESC
USER ID loggedin : 1
query : SELECT * FROM ARTICLE WHERE USER_ID=1 ORDER BY ARTICLE_DATECREATION DESC
USER ID loggedin : 1
query : SELECT * FROM ARTICLE WHERE USER_ID=1 ORDER BY ARTICLE_DATECREATION DESC
USER ID loggedin : 1
query : SELECT * FROM ARTICLE WHERE USER_ID=1 ORDER BY ARTICLE_DATECREATION DESC
USER ID loggedin : 1
query : SELECT * FROM ARTICLE WHERE USER_ID=1 ORDER BY ARTICLE_DATECREATION DESC
USER ID loggedin : 1
query : SELECT * FROM ARTICLE WHERE USER_ID=1 ORDER BY ARTICLE_DATECREATION DESC
USER ID loggedin : 1
query : SELECT * FROM ARTICLE WHERE USER_ID=1 ORDER BY ARTICLE_DATECREATION DESC
USER ID loggedin : 1
query : SELECT * FROM ARTICLE WHERE USER_ID=1 ORDER BY ARTICLE_DATECREATION DESC
USER ID loggedin : 1
query : SELECT * FROM ARTICLE WHERE USER_ID=1 ORDER BY ARTICLE_DATECREATION DESC
USER ID loggedin : 1
query : SELECT * FROM ARTICLE WHERE USER_ID=1 ORDER BY ARTICLE_DATECREATION DESC
USER ID loggedin : 1
